<?xml version="1.0" encoding="UTF-8"?>
<testsuite xmlns:xsi="http://www.w3.org/2001/XMLSchema-instance" xsi:noNamespaceSchemaLocation="https://maven.apache.org/surefire/maven-surefire-plugin/xsd/surefire-test-report-3.0.xsd" version="3.0" name="com.revpasswordmanager.service.PasswordManagerServiceImplTest" time="12.27" tests="3" errors="0" skipped="0" failures="0">
  <properties>
[...]
</properties>
  <testcase name="testRegisterUser" classname="com.revpasswordmanager.service.PasswordManagerServiceImplTest" time="9.814">
    <system-out><![CDATA[10:34:45.298 [main] INFO  com.revpasswordmanager.util.DatabaseConnection - Database connected
Enter username: Enter master password: Enter name: Enter email: 10:34:46.009 [main] INFO  com.revpasswordmanager.service.PasswordManagerServiceImpl - User registered: testuser
User registered successfully. Now add security questions.
Security question 1: Answer: Security question 2: Answer: Security question 3: Answer: ]]></system-out>
    <system-err><![CDATA[WARNING: A Java agent has been loaded dynamically (C:\Users\rahul\.m2\repository\net\bytebuddy\byte-buddy-agent\1.14.4\byte-buddy-agent-1.14.4.jar)
WARNING: If a serviceability tool is in use, please run with -XX:+EnableDynamicAgentLoading to hide this warning
WARNING: If a serviceability tool is not in use, please run with -Djdk.instrument.traceUsage for more information
WARNING: Dynamic loading of agents will be disallowed by default in a future release
]]></system-err>
  </testcase>
  <testcase name="testLoginUser_Success" classname="com.revpasswordmanager.service.PasswordManagerServiceImplTest" time="1.245">
    <system-out><![CDATA[Enter username: Enter master password: 10:34:48.950 [main] INFO  com.revpasswordmanager.service.PasswordManagerServiceImpl - User logged in: testuser
]]></system-out>
  </testcase>
  <testcase name="testLoginUser_Failure" classname="com.revpasswordmanager.service.PasswordManagerServiceImplTest" time="1.12">
    <system-out><![CDATA[Enter username: Enter master password: Invalid credentials.
]]></system-out>
  </testcase>
</testsuite>